                 Flux Bot     Condense     Flux Top        Prod         Loss      External      Balance
Ar             -8.767E+09    0.000E+00   -2.472-112    3.302E-36   -6.169E-38    0.000E+00   -8.767E+09
E               0.000E+00    0.000E+00    0.000E+00    9.047E+21    0.000E+00    0.000E+00    9.047E+21
N2HP            0.000E+00    0.000E+00    0.000E+00    3.454E-37   -3.342E-36    0.000E+00   -2.997E-36
ArHP            0.000E+00    0.000E+00    0.000E+00    6.169E-38   -2.244E-36    0.000E+00   -2.182E-36
ArP             0.000E+00    0.000E+00    0.000E+00    0.000E+00   -1.058E-36    0.000E+00   -1.058E-36
HOCP            0.000E+00    0.000E+00    0.000E+00    0.000E+00   -2.019E-36    0.000E+00   -2.019E-36
NOP             0.000E+00    0.000E+00    0.000E+00    3.187E-39    0.000E+00    0.000E+00    3.187E-39
OHP             0.000E+00    0.000E+00    0.000E+00    3.178E-38   -2.651E-36    0.000E+00   -2.619E-36
HCO2P           0.000E+00    0.000E+00    0.000E+00    1.999E-35   -1.147E-37    0.000E+00    1.987E-35
HCOP            0.000E+00    0.000E+00    0.000E+00    1.392E-35    0.000E+00    0.000E+00    1.392E-35
CO2HP           0.000E+00    0.000E+00    0.000E+00    0.000E+00    0.000E+00    0.000E+00    0.000E+00
CO2P            0.000E+00    0.000E+00    0.000E+00    7.658E-36   -5.586E-39    0.000E+00    7.652E-36
COP             0.000E+00    0.000E+00    0.000E+00    9.825E+04   -3.667E-36    0.000E+00    9.825E+04
O2P             0.000E+00    0.000E+00    0.000E+00    4.050E-36    0.000E+00    0.000E+00    4.050E-36
OP              0.000E+00    0.000E+00    0.000E+00    1.346E+04   -4.037E-36    0.000E+00    1.346E+04
NH2P            0.000E+00    0.000E+00    0.000E+00    0.000E+00    0.000E+00    0.000E+00    0.000E+00
N2P             0.000E+00    0.000E+00    0.000E+00    3.011E+09   -2.939E-36    0.000E+00    3.011E+09
H3P             0.000E+00    0.000E+00    0.000E+00    0.000E+00   -4.596E-36    0.000E+00   -4.596E-36
H2P             0.000E+00    0.000E+00    0.000E+00    0.000E+00   -5.470E-36    0.000E+00   -5.470E-36
HP              0.000E+00    0.000E+00    0.000E+00    5.959E-42   -1.393E-35    0.000E+00   -1.393E-35
OH              0.000E+00    0.000E+00    0.000E+00    1.298E+21   -7.094E-40    0.000E+00    1.298E+21
N2O             0.000E+00    0.000E+00    0.000E+00    0.000E+00    0.000E+00    0.000E+00    0.000E+00
N2O5            0.000E+00    0.000E+00    0.000E+00    0.000E+00    0.000E+00    0.000E+00    0.000E+00
HO2NO           0.000E+00    0.000E+00    0.000E+00    0.000E+00    0.000E+00    0.000E+00    0.000E+00
HONO2           0.000E+00    0.000E+00    0.000E+00    0.000E+00    0.000E+00    0.000E+00    0.000E+00
HOCO            0.000E+00    0.000E+00    0.000E+00    4.433E-45   -4.805E-42    0.000E+00   -4.800E-42
HNO3            0.000E+00    0.000E+00    0.000E+00    0.000E+00    0.000E+00    0.000E+00    0.000E+00
HO2NO2          0.000E+00    0.000E+00    0.000E+00    0.000E+00   -7.783E-47    0.000E+00   -7.783E-47
HONO            0.000E+00    0.000E+00    0.000E+00    0.000E+00   -1.344E-46    0.000E+00   -1.344E-46
NO3             0.000E+00    0.000E+00    0.000E+00    3.755E-40   -1.300E-40    0.000E+00    2.455E-40
NO2             0.000E+00    0.000E+00    0.000E+00    1.300E-40   -5.642E-40    0.000E+00   -4.342E-40
NO              0.000E+00    0.000E+00    0.000E+00    1.006E-39   -1.064E-44    0.000E+00    1.006E-39
H2O2            0.000E+00    0.000E+00    0.000E+00    0.000E+00   -1.112E-45    0.000E+00   -1.112E-45
HO2             0.000E+00    0.000E+00    0.000E+00    1.732E+00   -1.066E-39    0.000E+00    1.732E+00
O3P             0.000E+00    0.000E+00    0.000E+00          NaN   -1.697E+20          NaN          NaN
N2D             0.000E+00    0.000E+00    0.000E+00    1.007E+09   -8.301E-40    0.000E+00    1.007E+09
N               0.000E+00    0.000E+00    0.000E+00    1.697E+09   -1.766E-43    0.000E+00    1.697E+09
H2              0.000E+00    0.000E+00    0.000E+00          NaN   -3.676E-49    0.000E+00          NaN
H               0.000E+00    0.000E+00    0.000E+00    3.248E+21          NaN    0.000E+00          NaN
O3              0.000E+00    0.000E+00    0.000E+00    2.771E+19   -1.004E+21    0.000E+00   -9.763E+20
O2              0.000E+00    0.000E+00    0.000E+00    1.146E+21   -2.771E+19    0.000E+00    1.118E+21
H2O             0.000E+00    0.000E+00    0.000E+00    3.850E-45   -1.852E-48    0.000E+00    3.848E-45
O1D             0.000E+00    0.000E+00    0.000E+00    3.124E+13   -3.013E-37    0.000E+00    3.124E+13
CO              0.000E+00    0.000E+00    0.000E+00    9.224E+18   -1.117E+05    0.000E+00    9.224E+18
CO2             0.000E+00    0.000E+00    0.000E+00    4.143E-37   -3.125E+13    0.000E+00   -3.125E+13
N2              0.000E+00    0.000E+00    0.000E+00    6.280E-36   -3.740E+09    0.000E+00   -3.740E+09
