  0.000E+00  0.000E+00  0.000E+00  0.000E+00  0.000E+00  6.901E+14
  1.000E+00  0.000E+00  0.000E+00  0.000E+00  0.000E+00  7.012E+14
  2.000E+00  0.000E+00  0.000E+00  0.000E+00  0.000E+00  7.115E+14
  3.000E+00  0.000E+00  0.000E+00  0.000E+00  0.000E+00  7.211E+14
  4.000E+00  0.000E+00  0.000E+00  0.000E+00  0.000E+00  7.301E+14
  5.000E+00  0.000E+00  0.000E+00  0.000E+00  0.000E+00  7.384E+14
  6.000E+00  0.000E+00  0.000E+00  0.000E+00  0.000E+00  7.461E+14
  7.000E+00  0.000E+00  0.000E+00  0.000E+00  0.000E+00  7.534E+14
  8.000E+00  0.000E+00  0.000E+00  0.000E+00  0.000E+00  7.601E+14
  9.000E+00  0.000E+00  0.000E+00  0.000E+00  0.000E+00  7.664E+14
  1.000E+01  0.000E+00  0.000E+00  0.000E+00  0.000E+00  7.722E+14
  1.100E+01  0.000E+00  0.000E+00  0.000E+00  0.000E+00  7.777E+14
  1.200E+01  0.000E+00  0.000E+00  0.000E+00  0.000E+00  7.828E+14
  1.300E+01  0.000E+00  0.000E+00  0.000E+00  0.000E+00  7.875E+14
  1.400E+01  0.000E+00  0.000E+00  0.000E+00  0.000E+00  7.919E+14
  1.500E+01  0.000E+00  0.000E+00  0.000E+00  0.000E+00  7.960E+14
  1.600E+01  0.000E+00  0.000E+00  0.000E+00  0.000E+00  7.998E+14
  1.700E+01  0.000E+00  0.000E+00  0.000E+00  0.000E+00  8.034E+14
  1.800E+01  0.000E+00  0.000E+00  0.000E+00  0.000E+00  8.067E+14
  1.900E+01  0.000E+00  0.000E+00  0.000E+00  0.000E+00  8.098E+14
  2.000E+01  0.000E+00  0.000E+00  0.000E+00  0.000E+00  8.127E+14
  2.100E+01  0.000E+00  0.000E+00  0.000E+00  0.000E+00  8.153E+14
  2.200E+01  0.000E+00  0.000E+00  0.000E+00  0.000E+00  8.178E+14
  2.300E+01  0.000E+00  0.000E+00  0.000E+00  0.000E+00  8.202E+14
  2.400E+01  0.000E+00  0.000E+00  0.000E+00  0.000E+00  8.223E+14
  2.500E+01  0.000E+00  0.000E+00  0.000E+00  0.000E+00  8.244E+14
  2.600E+01  0.000E+00  0.000E+00  0.000E+00  0.000E+00  8.262E+14
  2.700E+01  0.000E+00  0.000E+00  0.000E+00  0.000E+00  8.280E+14
  2.800E+01  0.000E+00  0.000E+00  0.000E+00  0.000E+00  8.297E+14
  2.900E+01  0.000E+00  0.000E+00  0.000E+00  0.000E+00  8.312E+14
  3.000E+01  0.000E+00  0.000E+00  3.438-273  0.000E+00  8.326E+14
  3.100E+01  0.000E+00  0.000E+00  8.207-244  0.000E+00  8.339E+14
  3.200E+01  0.000E+00  0.000E+00  2.487-217  0.000E+00  8.352E+14
  3.300E+01  0.000E+00  0.000E+00  1.758-193  0.000E+00  8.363E+14
  3.400E+01  0.000E+00  0.000E+00  4.947-172  0.000E+00  8.374E+14
  3.500E+01  0.000E+00  0.000E+00  9.836-153  0.000E+00  8.384E+14
  3.600E+01  0.000E+00  0.000E+00  2.266-135  0.000E+00  8.393E+14
  3.700E+01  0.000E+00  0.000E+00  8.703-120  0.000E+00  8.401E+14
  3.800E+01  0.000E+00  0.000E+00  8.132-106  0.000E+00  8.409E+14
  3.900E+01  0.000E+00  0.000E+00  2.664E-93  0.000E+00  8.417E+14
  4.000E+01  0.000E+00  0.000E+00  4.300E-82  0.000E+00  8.423E+14
  4.100E+01  0.000E+00  0.000E+00  4.534E-72  0.000E+00  8.429E+14
  4.200E+01  0.000E+00  0.000E+00  4.080E-63  0.000E+00  8.435E+14
  4.300E+01  0.000E+00  0.000E+00  4.118E-55  0.000E+00  8.440E+14
  4.400E+01  0.000E+00  0.000E+00  5.780E-48  5.133-276  8.445E+14
  4.500E+01  0.000E+00  0.000E+00  1.376E-41  2.248-243  8.450E+14
  4.600E+01  0.000E+00  0.000E+00  6.686E-36  2.751-214  8.454E+14
  4.700E+01  0.000E+00  0.000E+00  7.733E-31  2.068-188  8.458E+14
  4.800E+01  0.000E+00  0.000E+00  2.495E-26  2.139-165  8.462E+14
  4.900E+01  0.000E+00  0.000E+00  2.574E-22  6.133-145  8.465E+14
  5.000E+01  0.000E+00  0.000E+00  9.562E-19  8.980-127  8.468E+14
  5.100E+01  0.000E+00  0.000E+00  1.435E-15  1.215-110  8.471E+14
  5.200E+01  0.000E+00  0.000E+00  9.486E-13  2.390E-96  8.474E+14
  5.300E+01  0.000E+00  0.000E+00  3.007E-10  1.056E-83  8.476E+14
  5.400E+01  0.000E+00  0.000E+00  5.000E-08  1.677E-72  8.479E+14
  5.500E+01  0.000E+00  0.000E+00  4.696E-06  1.413E-62  8.481E+14
  5.600E+01  0.000E+00  0.000E+00  2.631E-04  8.417E-54  8.483E+14
  5.700E+01  0.000E+00  0.000E+00  9.264E-03  4.675E-46  8.485E+14
  5.800E+01  0.000E+00  0.000E+00  2.160E-01  3.173E-39  8.487E+14
  5.900E+01  0.000E+00  0.000E+00  3.488E+00  3.333E-33  8.489E+14
  6.000E+01  0.000E+00  0.000E+00  4.079E+01  6.800E-28  8.491E+14
  6.100E+01  2.250-280  0.000E+00  3.579E+02  3.230E-23  8.493E+14
  6.200E+01  2.500-247  0.000E+00  2.434E+03  4.206E-19  8.494E+14
  6.300E+01  4.613-218  0.000E+00  1.322E+04  1.751E-15  8.496E+14
  6.400E+01  3.626-192  0.000E+00  5.885E+04  2.649E-12  8.497E+14
  6.500E+01  2.859-169  0.000E+00  2.199E+05  1.637E-09  8.499E+14
  6.600E+01  4.852-149  0.000E+00  7.035E+05  4.585E-07  8.500E+14
  6.700E+01  3.622-131  0.000E+00  1.966E+06  6.401E-05  8.501E+14
  6.800E+01  2.282-115  0.000E+00  4.880E+06  4.861E-03  8.503E+14
  6.900E+01  2.114-101  0.000E+00  1.092E+07  2.162E-01  8.504E+14
  7.000E+01  4.642E-89  0.000E+00  2.230E+07  6.003E+00  8.505E+14
  7.100E+01  3.675E-78  0.000E+00  4.204E+07  1.101E+02  8.506E+14
  7.200E+01  1.559E-68  0.000E+00  7.383E+07  1.406E+03  8.507E+14
  7.300E+01  5.023E-60  0.000E+00  1.219E+08  1.309E+04  8.508E+14
  7.400E+01  1.669E-52  0.000E+00  1.907E+08  9.272E+04  8.510E+14
  7.500E+01  7.398E-46  0.000E+00  2.843E+08  5.170E+05  8.511E+14
  7.600E+01  5.485E-40  0.000E+00  4.061E+08  2.341E+06  8.512E+14
  7.700E+01  8.415E-35  0.000E+00  5.590E+08  8.851E+06  8.513E+14
  7.800E+01  3.257E-30  1.372-296  7.448E+08  2.867E+07  8.513E+14
  7.900E+01  3.736E-26  3.216-258  9.644E+08  8.120E+07  8.514E+14
  8.000E+01  1.465E-22  1.044-224  1.218E+09  2.045E+08  8.515E+14
  8.100E+01  2.233E-19  1.984-195  1.504E+09  4.651E+08  8.516E+14
  8.200E+01  1.471E-16  7.215-170  1.822E+09  9.660E+08  8.517E+14
  8.300E+01  4.631E-14  1.529-147  2.169E+09  1.853E+09  8.518E+14
  8.400E+01  7.615E-12  4.923-128  2.542E+09  3.316E+09  8.519E+14
  8.500E+01  7.049E-10  5.450-111  2.939E+09  5.577E+09  8.519E+14
  8.600E+01  3.932E-08  4.303E-96  3.355E+09  8.884E+09  8.520E+14
  8.700E+01  1.402E-06  4.529E-83  3.786E+09  1.349E+10  8.521E+14
  8.800E+01  3.363E-05  1.097E-71  4.228E+09  1.964E+10  8.521E+14
  8.900E+01  5.686E-04  9.856E-62  4.673E+09  2.755E+10  8.522E+14
  9.000E+01  7.046E-03  4.959E-53  5.119E+09  3.740E+10  8.523E+14
  9.100E+01  6.374E-02  1.485E-45  5.551E+09  4.909E+10  8.523E+14
  9.200E+01  4.253E-01  3.138E-39  5.958E+09  6.228E+10  8.524E+14
  9.300E+01  2.216E+00  7.915E-34  6.341E+09  7.686E+10  8.524E+14
  9.400E+01  9.425E+00  3.538E-29  6.699E+09  9.267E+10  8.524E+14
  9.500E+01  3.382E+01  3.801E-25  7.034E+09  1.096E+11  8.525E+14
  9.600E+01  1.052E+02  1.244E-21  7.348E+09  1.273E+11  8.525E+14
  9.700E+01  2.897E+02  1.499E-18  7.640E+09  1.458E+11  8.525E+14
  9.800E+01  7.184E+02  7.733E-16  7.912E+09  1.648E+11  8.526E+14
  9.900E+01  1.627E+03  1.932E-13  8.166E+09  1.841E+11  8.526E+14
  1.000E+02  3.406E+03  2.587E-11  8.402E+09  2.035E+11  8.526E+14
  1.010E+02  6.652E+03  2.020E-09  8.621E+09  2.229E+11  8.526E+14
  1.020E+02  1.222E+04  9.859E-08  8.826E+09  2.422E+11  8.526E+14
  1.030E+02  2.128E+04  3.193E-06  9.016E+09  2.611E+11  8.527E+14
  1.040E+02  3.531E+04  7.215E-05  9.193E+09  2.796E+11  8.527E+14
  1.050E+02  5.612E+04  1.187E-03  9.357E+09  2.975E+11  8.527E+14
  1.060E+02  8.585E+04  1.477E-02  9.510E+09  3.149E+11  8.527E+14
  1.070E+02  1.269E+05  1.433E-01  9.652E+09  3.315E+11  8.527E+14
  1.080E+02  1.817E+05  1.116E+00  9.785E+09  3.475E+11  8.527E+14
  1.090E+02  2.532E+05  7.136E+00  9.908E+09  3.627E+11  8.527E+14
  1.100E+02  3.439E+05  3.831E+01  1.002E+10  3.772E+11  8.527E+14
  1.110E+02  4.568E+05  1.759E+02  1.013E+10  3.908E+11  8.527E+14
  1.120E+02  5.944E+05  7.017E+02  1.023E+10  4.037E+11  8.527E+14
  1.130E+02  7.594E+05  2.469E+03  1.032E+10  4.159E+11  8.527E+14
  1.140E+02  9.546E+05  7.758E+03  1.041E+10  4.273E+11  8.528E+14
  1.150E+02  1.183E+06  2.202E+04  1.049E+10  4.379E+11  8.528E+14
  1.160E+02  1.447E+06  5.702E+04  1.057E+10  4.479E+11  8.528E+14
  1.170E+02  1.750E+06  1.359E+05  1.064E+10  4.572E+11  8.528E+14
  1.180E+02  2.096E+06  3.006E+05  1.070E+10  4.658E+11  8.528E+14
  1.190E+02  2.490E+06  6.211E+05  1.077E+10  4.738E+11  8.528E+14
  1.200E+02  2.937E+06  1.207E+06  1.083E+10  4.813E+11  8.528E+14
  1.210E+02  3.444E+06  2.217E+06  1.088E+10  4.882E+11  8.528E+14
  1.220E+02  4.018E+06  3.872E+06  1.094E+10  4.946E+11  8.528E+14
  1.230E+02  4.669E+06  6.457E+06  1.099E+10  5.005E+11  8.528E+14
  1.240E+02  5.409E+06  1.033E+07  1.104E+10  5.060E+11  8.528E+14
  1.250E+02  6.249E+06  1.589E+07  1.110E+10  5.110E+11  8.528E+14
  1.260E+02  7.205E+06  2.364E+07  1.116E+10  5.156E+11  8.528E+14
  1.270E+02  8.292E+06  3.407E+07  1.124E+10  5.199E+11  8.528E+14
  1.280E+02  9.529E+06  4.775E+07  1.135E+10  5.239E+11  8.528E+14
  1.290E+02  1.093E+07  6.524E+07  1.149E+10  5.275E+11  8.528E+14
  1.300E+02  1.253E+07  8.713E+07  1.169E+10  5.309E+11  8.528E+14
  1.310E+02  1.433E+07  1.140E+08  1.198E+10  5.339E+11  8.528E+14
  1.320E+02  1.637E+07  1.464E+08  1.239E+10  5.368E+11  8.528E+14
  1.330E+02  1.865E+07  1.850E+08  1.296E+10  5.394E+11  8.528E+14
  1.340E+02  2.122E+07  2.302E+08  1.375E+10  5.417E+11  8.528E+14
  1.350E+02  2.407E+07  2.826E+08  1.481E+10  5.439E+11  8.528E+14
  1.360E+02  2.724E+07  3.427E+08  1.619E+10  5.460E+11  8.528E+14
  1.370E+02  3.075E+07  4.109E+08  1.794E+10  5.478E+11  8.528E+14
  1.380E+02  3.461E+07  4.877E+08  2.011E+10  5.495E+11  8.528E+14
  1.390E+02  3.885E+07  5.733E+08  2.274E+10  5.511E+11  8.528E+14
  1.400E+02  4.349E+07  6.682E+08  2.585E+10  5.525E+11  8.528E+14
  1.410E+02  4.855E+07  7.725E+08  2.945E+10  5.538E+11  8.528E+14
  1.420E+02  5.406E+07  8.865E+08  3.355E+10  5.550E+11  8.528E+14
  1.430E+02  6.007E+07  1.010E+09  3.812E+10  5.561E+11  8.528E+14
  1.440E+02  6.661E+07  1.144E+09  4.314E+10  5.571E+11  8.528E+14
  1.450E+02  7.374E+07  1.287E+09  4.857E+10  5.580E+11  8.528E+14
  1.460E+02  8.152E+07  1.440E+09  5.436E+10  5.589E+11  8.528E+14
  1.470E+02  9.004E+07  1.602E+09  6.046E+10  5.597E+11  8.528E+14
  1.480E+02  9.938E+07  1.773E+09  6.679E+10  5.604E+11  8.528E+14
  1.490E+02  1.096E+08  1.952E+09  7.331E+10  5.610E+11  8.528E+14
  1.500E+02  1.210E+08  2.139E+09  7.996E+10  5.616E+11  8.528E+14
  1.510E+02  1.335E+08  2.332E+09  8.666E+10  5.622E+11  8.528E+14
  1.520E+02  1.473E+08  2.530E+09  9.337E+10  5.627E+11  8.528E+14
  1.530E+02  1.626E+08  2.732E+09  1.000E+11  5.632E+11  8.528E+14
  1.540E+02  1.795E+08  2.938E+09  1.066E+11  5.636E+11  8.528E+14
  1.550E+02  1.984E+08  3.146E+09  1.130E+11  5.640E+11  8.528E+14
  1.560E+02  2.193E+08  3.354E+09  1.193E+11  5.644E+11  8.528E+14
  1.570E+02  2.425E+08  3.562E+09  1.254E+11  5.647E+11  8.528E+14
  1.580E+02  2.683E+08  3.768E+09  1.313E+11  5.650E+11  8.528E+14
  1.590E+02  2.969E+08  3.972E+09  1.369E+11  5.653E+11  8.528E+14
  1.600E+02  3.286E+08  4.171E+09  1.423E+11  5.655E+11  8.528E+14
  1.610E+02  3.638E+08  4.367E+09  1.474E+11  5.657E+11  8.528E+14
  1.620E+02  4.027E+08  4.557E+09  1.523E+11  5.660E+11  8.528E+14
  1.630E+02  4.459E+08  4.742E+09  1.569E+11  5.662E+11  8.528E+14
  1.640E+02  4.935E+08  4.920E+09  1.612E+11  5.663E+11  8.528E+14
  1.650E+02  5.462E+08  5.091E+09  1.653E+11  5.665E+11  8.528E+14
  1.660E+02  6.042E+08  5.256E+09  1.691E+11  5.667E+11  8.528E+14
  1.670E+02  6.680E+08  5.414E+09  1.727E+11  5.668E+11  8.528E+14
  1.680E+02  7.381E+08  5.564E+09  1.761E+11  5.669E+11  8.528E+14
  1.690E+02  8.149E+08  5.707E+09  1.792E+11  5.670E+11  8.528E+14
  1.700E+02  8.987E+08  5.843E+09  1.821E+11  5.672E+11  8.528E+14
  1.710E+02  9.901E+08  5.972E+09  1.848E+11  5.673E+11  8.528E+14
  1.720E+02  1.089E+09  6.094E+09  1.874E+11  5.673E+11  8.528E+14
  1.730E+02  1.197E+09  6.209E+09  1.897E+11  5.674E+11  8.528E+14
  1.740E+02  1.313E+09  6.318E+09  1.919E+11  5.675E+11  8.528E+14
  1.750E+02  1.437E+09  6.421E+09  1.939E+11  5.676E+11  8.528E+14
  1.760E+02  1.571E+09  6.517E+09  1.957E+11  5.676E+11  8.528E+14
  1.770E+02  1.714E+09  6.608E+09  1.974E+11  5.677E+11  8.528E+14
  1.780E+02  1.866E+09  6.694E+09  1.990E+11  5.678E+11  8.528E+14
  1.790E+02  2.027E+09  6.774E+09  2.005E+11  5.678E+11  8.528E+14
  1.800E+02  2.197E+09  6.850E+09  2.018E+11  5.679E+11  8.528E+14
  1.810E+02  2.375E+09  6.921E+09  2.031E+11  5.679E+11  8.528E+14
  1.820E+02  2.563E+09  6.988E+09  2.042E+11  5.679E+11  8.528E+14
  1.830E+02  2.759E+09  7.051E+09  2.053E+11  5.680E+11  8.528E+14
  1.840E+02  2.963E+09  7.110E+09  2.062E+11  5.680E+11  8.528E+14
  1.850E+02  3.175E+09  7.165E+09  2.071E+11  5.680E+11  8.528E+14
  1.860E+02  3.393E+09  7.218E+09  2.079E+11  5.681E+11  8.528E+14
  1.870E+02  3.618E+09  7.267E+09  2.087E+11  5.681E+11  8.528E+14
  1.880E+02  3.850E+09  7.313E+09  2.094E+11  5.681E+11  8.528E+14
  1.890E+02  4.086E+09  7.357E+09  2.100E+11  5.681E+11  8.528E+14
  1.900E+02  4.327E+09  7.398E+09  2.106E+11  5.682E+11  8.528E+14
  1.910E+02  4.573E+09  7.436E+09  2.111E+11  5.682E+11  8.528E+14
  1.920E+02  4.821E+09  7.473E+09  2.116E+11  5.682E+11  8.528E+14
  1.930E+02  5.072E+09  7.507E+09  2.121E+11  5.682E+11  8.528E+14
  1.940E+02  5.325E+09  7.540E+09  2.125E+11  5.682E+11  8.528E+14
  1.950E+02  5.580E+09  7.570E+09  2.129E+11  5.682E+11  8.528E+14
  1.960E+02  5.834E+09  7.599E+09  2.132E+11  5.682E+11  8.528E+14
  1.970E+02  6.089E+09  7.627E+09  2.135E+11  5.683E+11  8.528E+14
  1.980E+02  6.343E+09  7.653E+09  2.138E+11  5.683E+11  8.528E+14
  1.990E+02  6.595E+09  7.678E+09  2.141E+11  5.683E+11  8.528E+14
  2.000E+02  6.846E+09  7.701E+09  2.143E+11  5.683E+11  8.528E+14
  2.010E+02  7.094E+09  7.723E+09  2.146E+11  5.683E+11  8.528E+14
  2.020E+02  7.339E+09  7.744E+09  2.148E+11  5.683E+11  8.528E+14
  2.030E+02  7.580E+09  7.764E+09  2.150E+11  5.683E+11  8.528E+14
  2.040E+02  7.818E+09  7.783E+09  2.151E+11  5.683E+11  8.528E+14
  2.050E+02  8.051E+09  7.801E+09  2.153E+11  5.683E+11  8.528E+14
  2.060E+02  8.280E+09  7.818E+09  2.155E+11  5.683E+11  8.528E+14
  2.070E+02  8.504E+09  7.835E+09  2.156E+11  5.683E+11  8.528E+14
  2.080E+02  8.723E+09  7.850E+09  2.157E+11  5.683E+11  8.528E+14
  2.090E+02  8.937E+09  7.865E+09  2.158E+11  5.683E+11  8.528E+14
  2.100E+02  9.144E+09  7.879E+09  2.159E+11  5.683E+11  8.528E+14
  2.110E+02  9.347E+09  7.893E+09  2.160E+11  5.683E+11  8.528E+14
  2.120E+02  9.543E+09  7.905E+09  2.161E+11  5.684E+11  8.528E+14
  2.130E+02  9.734E+09  7.918E+09  2.162E+11  5.684E+11  8.528E+14
  2.140E+02  9.918E+09  7.929E+09  2.163E+11  5.684E+11  8.528E+14
  2.150E+02  1.010E+10  7.940E+09  2.163E+11  5.684E+11  8.528E+14
  2.160E+02  1.027E+10  7.951E+09  2.164E+11  5.684E+11  8.528E+14
  2.170E+02  1.044E+10  7.961E+09  2.165E+11  5.684E+11  8.528E+14
  2.180E+02  1.060E+10  7.971E+09  2.165E+11  5.684E+11  8.528E+14
  2.190E+02  1.075E+10  7.980E+09  2.166E+11  5.684E+11  8.528E+14
  2.200E+02  1.090E+10  7.989E+09  2.166E+11  5.684E+11  8.528E+14
  2.210E+02  1.105E+10  7.997E+09  2.166E+11  5.684E+11  8.528E+14
  2.220E+02  1.118E+10  8.005E+09  2.167E+11  5.684E+11  8.528E+14
  2.230E+02  1.132E+10  8.012E+09  2.167E+11  5.684E+11  8.528E+14
  2.240E+02  1.145E+10  8.020E+09  2.167E+11  5.684E+11  8.528E+14
  2.250E+02  1.157E+10  8.027E+09  2.168E+11  5.684E+11  8.528E+14
  2.260E+02  1.169E+10  8.033E+09  2.168E+11  5.684E+11  8.528E+14
  2.270E+02  1.180E+10  8.040E+09  2.168E+11  5.684E+11  8.528E+14
  2.280E+02  1.191E+10  8.046E+09  2.168E+11  5.684E+11  8.528E+14
  2.290E+02  1.201E+10  8.051E+09  2.169E+11  5.684E+11  8.528E+14
  2.300E+02  1.211E+10  8.057E+09  2.169E+11  5.684E+11  8.528E+14
  2.310E+02  1.220E+10  8.062E+09  2.169E+11  5.684E+11  8.528E+14
  2.320E+02  1.229E+10  8.067E+09  2.169E+11  5.684E+11  8.528E+14
  2.330E+02  1.238E+10  8.072E+09  2.169E+11  5.684E+11  8.528E+14
  2.340E+02  1.246E+10  8.077E+09  2.169E+11  5.684E+11  8.528E+14
  2.350E+02  1.254E+10  8.081E+09  2.169E+11  5.684E+11  8.528E+14
  2.360E+02  1.261E+10  8.085E+09  2.170E+11  5.684E+11  8.528E+14
  2.370E+02  1.269E+10  8.089E+09  2.170E+11  5.684E+11  8.528E+14
  2.380E+02  1.275E+10  8.093E+09  2.170E+11  5.684E+11  8.528E+14
  2.390E+02  1.282E+10  8.096E+09  2.170E+11  5.684E+11  8.528E+14
  2.400E+02  1.288E+10  8.100E+09  2.170E+11  5.684E+11  8.528E+14
  2.410E+02  1.294E+10  8.103E+09  2.170E+11  5.684E+11  8.528E+14
  2.420E+02  1.300E+10  8.106E+09  2.170E+11  5.684E+11  8.528E+14
  2.430E+02  1.305E+10  8.109E+09  2.170E+11  5.684E+11  8.528E+14
  2.440E+02  1.310E+10  8.112E+09  2.170E+11  5.684E+11  8.528E+14
  2.450E+02  1.315E+10  8.115E+09  2.170E+11  5.684E+11  8.528E+14
  2.460E+02  1.320E+10  8.117E+09  2.170E+11  5.684E+11  8.528E+14
  2.470E+02  1.324E+10  8.120E+09  2.170E+11  5.684E+11  8.528E+14
  2.480E+02  1.329E+10  8.122E+09  2.170E+11  5.684E+11  8.528E+14
  2.490E+02  1.333E+10  8.124E+09  2.170E+11  5.684E+11  8.528E+14
  2.500E+02  1.336E+10  8.127E+09  2.170E+11  5.684E+11  8.528E+14
