   1          NaN          NaN          NaN  H            + H            = H2           + -            + -            
  10    4.683E+12    8.620E+20    8.620E+20  H            + O3           = OH           + O2           + -            
  28    2.215E+10    1.420E+20    1.420E+20  O3P          + O3           = O2           + O2           + -            
  24    2.038E+08    2.771E+19    2.771E+19  O3P          + O2           = O3           + -            + -            
   4    4.991E-08    1.732E+00    1.732E+00  H            + O2           = HO2          + -            + -            
  12    1.489E-17    4.392E-04    4.392E-04  H            + CO2          = OH           + CO           + -            
  30    6.914E-43    3.863E-27    3.863E-27  O3P          + CO2          = CO           + O2           + -            
 124    4.655E-38    1.388E-35    1.392E-35  HP           + CO2          = HCOP         + O3P          + -            
 128    4.992E-40    5.273E-36    5.273E-36  H2P          + CO2          = HCO2P        + H            + -            
 133    4.249E-40    4.487E-36    4.488E-36  H3P          + CO2          = HCO2P        + H2           + -            
 134    1.348E-38    4.023E-36    4.036E-36  OP           + CO2          = O2P          + CO           + -            
 143    1.225E-38    3.652E-36    3.664E-36  COP          + CO2          = CO2P         + CO           + -            
 144    1.600E-39    3.338E-36    3.340E-36  N2HP         + CO2          = HCO2P        + N2           + -            
 141    9.800E-39    2.926E-36    2.935E-36  N2P          + CO2          = CO2P         + N2           + -            
 138    1.257E-39    2.623E-36    2.624E-36  OHP          + CO2          = HCO2P        + O3P          + -            
 152    2.124E-40    2.244E-36    2.244E-36  ArHP         + CO2          = HCO2P        + Ar           + -            
 147    1.912E-40    2.019E-36    2.019E-36  HOCP         + CO2          = HCO2P        + CO           + -            
 149    1.088E-39    1.057E-36    1.058E-36  ArP          + CO2          = CO2P         + Ar           + -            
  49    3.532E-41    2.974E-37    2.975E-37  O1D          + CO2          = O3P          + CO2          + -            
 109    1.428E-41    1.297E-37    1.297E-37  H2P          + N2           = N2HP         + H            + -            
 158    1.399E-40    1.145E-37    1.147E-37  HCO2P        + N2           = N2HP         + CO2          + -            
 130    9.280E-42    8.431E-38    8.432E-38  H3P          + N2           = N2HP         + H2           + -            
 127    5.246E-42    4.766E-38    4.766E-38  H2P          + Ar           = ArHP         + H            + -            
 125    2.142E-42    1.946E-38    1.946E-38  H2P          + O3P          = OHP          + H            + -            
 136    9.284E-42    1.662E-38    1.663E-38  OHP          + N2           = N2HP         + O3P          + -            
 132    1.544E-42    1.403E-38    1.403E-38  H3P          + Ar           = ArHP         + H2           + -            
 129    1.142E-42    1.038E-38    1.038E-38  H3P          + O3P          = OHP          + H2           + -            
 135    5.493E-42    9.835E-39    9.840E-39  OHP          + O3P          = O2P          + H            + -            
 123    3.087E-41    8.137E-39    8.168E-39  HP           + O3P          = OP           + H            + -            
 157    1.317E-41    3.477E-39    3.490E-39  CO2P         + O3P          = O2P          + CO           + -            
 142    1.153E-41    3.038E-39    3.049E-39  COP          + O3P          = OP           + CO           + -            
 140    1.070E-41    2.825E-39    2.836E-39  N2P          + O3P          = NOP          + N            + -            
  52    3.283E-43    2.406E-39    2.406E-39  O1D          + N2           = O3P          + N2           + -            
 156    7.904E-42    2.086E-39    2.094E-39  CO2P         + O3P          = OP           + CO2          + -            
 145    1.083E-42    1.939E-39    1.940E-39  N2HP         + O3P          = OHP          + N2           + -            
  26    1.821E-43    1.066E-39    1.066E-39  O3P          + HO2          = O2           + OH           + -            
  87    7.648E-44    8.077E-40    8.078E-40  N2D          + CO2          = NO           + CO           + -            
  22    1.094E-43    7.092E-40    7.093E-40  O3P          + OH           = O2           + H            + -            
  44    6.980E-44    6.341E-40    6.342E-40  O1D          + O3           = O3P          + O3P          + O2           
  45    6.980E-44    6.341E-40    6.342E-40  O1D          + O3           = O2           + O2           + -            
  35    5.208E-44    3.754E-40    3.755E-40  O3P          + NO2          = NO3          + -            + -            
 115    1.692E-42    3.496E-40    3.513E-40  OP           + N2           = NOP          + N            + -            
 139    8.068E-43    2.129E-40    2.138E-40  N2P          + O3P          = OP           + N2           + -            
  34    3.132E-44    1.885E-40    1.885E-40  O3P          + NO2          = NO           + O2           + -            
  37    1.428E-44    1.297E-40    1.297E-40  O3P          + NO3          = O2           + NO2          + -            
  42    1.275E-44    1.041E-40    1.041E-40  O1D          + O2           = O3P          + O2           + -            
  21    3.626E-45    3.295E-41    3.295E-41  O3P          + O1D          = O3P          + O3P          + -            
  32    7.958E-46    1.187E-41    1.187E-41  O3P          + N2D          = N            + O3P          + -            
  85    7.213E-46    9.346E-42    9.347E-42  N2D          + O2           = NO           + O3P          + -            
 110    7.667E-46    6.966E-42    6.967E-42  H2P          + CO           = HCOP         + H            + -            
  97    5.288E-46    4.804E-42    4.805E-42  HOCO         + O2           = CO2          + HO2          + -            
 131    4.495E-46    4.084E-42    4.084E-42  H3P          + CO           = HCOP         + H2           + -            
 151    3.305E-46    3.003E-42    3.003E-42  ArHP         + CO           = HCOP         + Ar           + -            
 113    9.758E-45    2.575E-42    2.585E-42  OP           + H            = HP           + O3P          + -            
 112    1.261E-45    2.257E-42    2.259E-42  N2HP         + CO           = HCOP         + N2           + -            
 116    1.203E-45    2.155E-42    2.156E-42  OHP          + CO           = HCOP         + O3P          + -            
 154    7.166E-45    1.891E-42    1.898E-42  CO2P         + H            = HCOP         + O3P          + -            
 117    6.098E-45    1.607E-42    1.613E-42  COP          + H            = HP           + CO           + -            
 126    1.703E-46    1.547E-42    1.547E-42  H2P          + CO           = COP          + H2           + -            
 107    1.692E-46    1.537E-42    1.538E-42  H2P          + H            = HP           + H2           + -            
 146    1.586E-46    1.441E-42    1.441E-42  HOCP         + CO           = HCOP         + CO           + -            
  89    1.214E-46    1.103E-42    1.103E-42  N2D          + N2           = N            + N2           + -            
 137    5.086E-46    9.106E-43    9.111E-43  OHP          + CO           = COP          + OH           + -            
  18    2.485E-47    2.258E-43    2.258E-43  H            + NO3          = OH           + NO2          + -            
 153    8.431E-46    2.225E-43    2.234E-43  CO2P         + H            = HP           + CO2          + -            
  47    2.115E-47    1.922E-43    1.922E-43  O1D          + CO           = CO2          + -            + -            
  14    1.040E-47    1.799E-43    1.799E-43  H            + NO2          = OH           + NO           + -            
  76    1.178E-48    1.766E-43    1.766E-43  N            + CO2          = NO           + CO           + -            
   6    1.904E-47    1.730E-43    1.730E-43  H            + HO2          = OH           + OH           + -            
  46    1.920E-47    1.543E-43    1.543E-43  O1D          + CO           = O3P          + CO           + -            
  61    1.898E-48    9.020E-44    9.020E-44  OH           + O3           = O2           + HO2          + -            
   5    1.824E-48    1.657E-44    1.658E-44  H            + HO2          = H2           + O2           + -            
  91    1.071E-49    1.064E-44    1.064E-44  NO           + O3           = NO2          + O2           + -            
 101    2.093E-49    4.746E-45    4.746E-45  HO2          + O3           = O2           + O2           + OH           
  86    5.023E-49    4.564E-45    4.564E-45  N2D          + CO           = N            + CO           + -            
  63    7.504E-49    4.432E-45    4.433E-45  OH           + CO           = HOCO         + -            + -            
   7    4.230E-49    3.843E-45    3.844E-45  H            + HO2          = O            + H2O          + -            
  39    1.636E-45    5.487E-46    2.185E-45  O1D          + -            = O3P          + -            + -            
  27    6.798E-51    1.105E-45    1.105E-45  O3P          + H2O2         = HO2          + OH           + -            
  62    3.807E-50    3.459E-46    3.459E-46  OH           + CO           = CO2          + H            + -            
  36    4.115E-52    1.343E-46    1.343E-46  O3P          + HONO         = NO2          + OH           + -            
  38    1.907E-52    7.783E-47    7.783E-47  O3P          + HO2NO2       = OH           + NO2          + O2           
  80    5.617E-48    1.884E-48    7.501E-48  N2D          + -            = N            + -            + -            
   9    4.778E-53    6.484E-48    6.484E-48  H            + H2O2         = OH           + H2O          + -            
  93    1.952E-53    4.489E-48    4.489E-48  NO2          + O3           = NO3          + O2           + -            
  75    2.363E-54    1.073E-48    1.073E-48  N            + O2           = NO           + O3P          + -            
   8    4.700E-54    6.935E-49    6.935E-49  H            + H2O2         = HO2          + H2           + -            
  19    6.606E-55    3.676E-49    3.676E-49  O3P          + H2           = OH           + H            + -            
  15    4.705E-55    1.250E-49    1.250E-49  H            + HONO         = OH           + HNO          + -            
  16    3.107E-55    6.395E-50    6.395E-50  H            + HONO         = H2O          + NO           + -            
  17    7.393E-58    3.420E-52    3.420E-52  H            + HONO         = H2           + NO2          + -            
  23    7.597E-65    3.392E-58    3.392E-58  O3P          + H2O          = OH           + OH           + -            
  33    4.525E-64    2.388E-60    2.389E-60  O3P          + NO           = NO2          + -            + -            
 102    1.832E-74    2.508E-67    2.508E-67  HO2          + CO           = CO2          + OH           + -            
 119    0.000E+00    0.000E+00    0.000E+00  COP          + H2           = HOCP         + H            + -            
 148    0.000E+00    0.000E+00    0.000E+00  ArP          + H2           = ArHP         + H            + -            
  31    0.000E+00    0.000E+00    0.000E+00  O3P          + N            = NO           + -            + -            
 100    0.000E+00    0.000E+00    0.000E+00  HO2          + HO2          = H2O2         + O2           + -            
 104    0.000E+00    0.000E+00    0.000E+00  HO2          + NO           = NO2          + OH           + -            
  60    0.000E+00    0.000E+00    0.000E+00  OH           + H2O2         = HO2          + H2O          + -            
  59    0.000E+00    0.000E+00    0.000E+00  OH           + HO2          = H2O          + O2           + -            
  54    0.000E+00    0.000E+00    0.000E+00  O1D          + N2O          = N2           + O2           + -            
  77    0.000E+00    0.000E+00    0.000E+00  N            + O3           = NO           + O2           + -            
 105    0.000E+00    0.000E+00    0.000E+00  HO2          + NO2          = HO2NO2       + -            + -            
  13    0.000E+00    0.000E+00    0.000E+00  H            + N            = NH           + -            + -            
 150    0.000E+00    0.000E+00    0.000E+00  ArHP         + H2           = H3P          + Ar           + -            
  70    0.000E+00    0.000E+00    0.000E+00  OH           + HONO         = H2O          + NO2          + -            
   3    0.000E+00    0.000E+00    0.000E+00  H            + OH           = H2O          + -            + -            
  68    0.000E+00    0.000E+00    0.000E+00  OH           + NO2          = HONO2        + -            + -            
  25    0.000E+00    0.000E+00    0.000E+00  O3P          + O2           = O3           + -            + -            
  73    0.000E+00    0.000E+00    0.000E+00  OH           + HNO3         = H2O          + NO3          + -            
  78    0.000E+00    0.000E+00    0.000E+00  N            + NO           = N2           + O3P          + -            
  90    0.000E+00    0.000E+00    0.000E+00  N2D          + N2O          = N2           + NO           + -            
  99    0.000E+00    0.000E+00    0.000E+00  HO2          + HO2          = H2O2         + O2           + -            
 122    0.000E+00    0.000E+00    0.000E+00  HP           + H2           = H2P          + H            + -            
  95    0.000E+00    0.000E+00    0.000E+00  NO2          + NO3          = N2O5         + -            + -            
 114    0.000E+00    0.000E+00    0.000E+00  OP           + H2           = OHP          + H            + -            
  57    0.000E+00    0.000E+00    0.000E+00  OH           + OH           = H2O          + O3P          + -            
  41    0.000E+00    0.000E+00    0.000E+00  O1D          + H2O          = OH           + OH           + -            
  20    0.000E+00    0.000E+00    0.000E+00  O3P          + O3P          = O2           + -            + -            
  98    0.000E+00    0.000E+00    0.000E+00  HO2          + H2           = H2O2         + H            + -            
  48    0.000E+00    0.000E+00    0.000E+00  O1D          + NO           = O3P          + NO           + -            
 108    0.000E+00    0.000E+00    0.000E+00  H2P          + H2           = H3P          + H            + -            
  96    0.000E+00    0.000E+00    0.000E+00  NO3          + NO3          = NO2          + NO2          + O2           
  56    0.000E+00    0.000E+00    0.000E+00  OH           + H2           = H2O          + H            + -            
 120    0.000E+00    0.000E+00    0.000E+00  HOCP         + H2           = H3P          + CO           + -            
  66    0.000E+00    0.000E+00    0.000E+00  OH           + NO           = HONO         + -            + -            
 111    0.000E+00    0.000E+00    0.000E+00  N2P          + H2           = N2HP         + H            + -            
  84    0.000E+00    0.000E+00    0.000E+00  N2D          + H2O          = H2           + NO           + -            
  81    0.000E+00    0.000E+00    0.000E+00  N2D          + H2           = NH           + H            + -            
 106    0.000E+00    0.000E+00    0.000E+00  HO2          + NO3          = OH           + NO2          + O2           
  51    0.000E+00    0.000E+00    0.000E+00  O1D          + NO2          = O2           + NO           + -            
  50    0.000E+00    0.000E+00    0.000E+00  O1D          + NO2          = O3P          + NO2          + -            
  55    0.000E+00    0.000E+00    0.000E+00  O1D          + N2O          = NO           + NO           + -            
  92    0.000E+00    0.000E+00    0.000E+00  NO           + NO3          = NO2          + NO2          + -            
 118    0.000E+00    0.000E+00    0.000E+00  COP          + H2           = HCOP         + H            + -            
  71    0.000E+00    0.000E+00    0.000E+00  OH           + NO3          = HO2          + NO2          + -            
  72    0.000E+00    0.000E+00    0.000E+00  OH           + HO2NO2       = H2O          + NO2          + O2           
  94    0.000E+00    0.000E+00    0.000E+00  NO2          + NO3          = NO           + NO2          + O2           
  88    0.000E+00    0.000E+00    0.000E+00  N2D          + NO           = N2           + O3P          + -            
  82    0.000E+00    0.000E+00    0.000E+00  N2D          + H2O          = NH           + OH           + -            
 121    0.000E+00    0.000E+00    0.000E+00  HOCP         + H2           = HCOP         + H2           + -            
 103    0.000E+00    0.000E+00    0.000E+00  HO2          + N            = NO           + OH           + -            
  53    0.000E+00    0.000E+00    0.000E+00  O1D          + N2           = N2O          + -            + -            
  40    0.000E+00    0.000E+00    0.000E+00  O1D          + H2           = OH           + H            + -            
   2    0.000E+00    0.000E+00    0.000E+00  H            + O3P          = OH           + -            + -            
  11    0.000E+00    0.000E+00    0.000E+00  H            + CO           = HCO          + -            + -            
  83    0.000E+00    0.000E+00    0.000E+00  N2D          + H2O          = H            + HNO          + -            
  79    0.000E+00    0.000E+00    0.000E+00  N            + NO2          = N2O          + O3P          + -            
  43    0.000E+00    0.000E+00    0.000E+00  O1D          + H2O2         = ?            + -            + -            
 155    0.000E+00    0.000E+00    0.000E+00  CO2P         + H2           = HCO2P        + H            + -            
  29    0.000E+00    0.000E+00    0.000E+00  O3P          + CO           = CO2          + -            + -            
  74    0.000E+00    0.000E+00    0.000E+00  OH           + HNO3         = H2O          + NO3          + -            
  67    0.000E+00    0.000E+00    0.000E+00  OH           + N2O          = HO2          + N2           + -            
  65    0.000E+00    0.000E+00    0.000E+00  OH           + N            = NO           + H            + -            
  64    0.000E+00    0.000E+00    0.000E+00  OH           + HOCO         = CO2          + H2O          + -            
  58    0.000E+00    0.000E+00    0.000E+00  OH           + OH           = H2O2         + -            + -            
  69    0.000E+00    0.000E+00    0.000E+00  OH           + NO2          = HOONO        + -            + -            
