  43    3.663E+17    3.836E+21    3.836E+21  CH3M         + hv           = CH3          + E            +              +             
  40    2.047E+17    2.143E+21    2.144E+21  CH2M         + hv           = CH2          + E            +              +             
  39    1.803E+17    1.889E+21    1.889E+21  HM           + hv           = H            + E            +              +             
  41    6.551E+16    6.861E+20    6.862E+20  OM           + hv           = O            + E            +              +             
  28    6.361E+16    6.661E+20    6.662E+20  C3H3         + hv           = C3H2         + H            +              +             
  42    4.167E+16    4.364E+20    4.364E+20  OHM          + hv           = OH           + E            +              +             
  33    3.914E+16    4.099E+20    4.100E+20  H2CN         + hv           = HCN          + H            +              +             
  30    1.248E+16    1.307E+20    1.307E+20  C3H5         + hv           = CH3CCH       + H            +              +             
  26    8.122E+15    8.506E+19    8.507E+19  C2H3         + hv           = C2H2         + H            +              +             
  31    5.333E+15    5.585E+19    5.586E+19  C3H5         + hv           = C2H2         + CH3          +              +             
  32    3.802E+15    3.981E+19    3.982E+19  C3H7         + hv           = C3H6         + H            +              +             
  34    3.798E+15    3.977E+19    3.978E+19  C2HM         + hv           = C2H          + E            +              +             
  29    1.712E+15    1.793E+19    1.794E+19  C3H3         + hv           = C3H          + H2           +              +             
  27    1.698E+15    1.778E+19    1.778E+19  C2H5         + hv           = C2H4         + H            +              +             
  35    7.266E+14    7.609E+18    7.610E+18  C4HM         + hv           = C4H          + E            +              +             
  22    4.404E+14    4.612E+18    4.612E+18  H2CO         + hv           = CO           + H2           +              +             
  23    4.404E+14    4.612E+18    4.612E+18  H2CO         + hv           = HCO          + H            +              +             
  24    4.404E+14    4.612E+18    4.612E+18  HCO          + hv           = CO           + H            +              +             
  36    2.809E+14    2.942E+18    2.942E+18  C6HM         + hv           = C6H          + E            +              +             
  37    2.809E+14    2.942E+18    2.942E+18  CNM          + hv           = C3N          + E            +              +             
  38    2.809E+14    2.942E+18    2.942E+18  C3NM         + hv           = C3N          + E            +              +             
  25    4.893E+12    5.124E+16    5.124E+16  CH2NH        + hv           = HCN          + H            + H            +             
  17    4.745E+11    3.072E+13    3.119E+13  CO2          + hv           = CO           + O1D          +              +             
  18    4.130E+10    1.348E+08    4.143E+10  CO2          + hv           = CO           + O1D          +              +             
  16    1.600E+10    0.000E+00    1.600E+10  CO2          + hv           = CO           + O3P          +              +             
   2    1.518E+09    7.848E+06    1.525E+09  N2           + hv           = N2P          + E            +              +             
   1    1.126E+09    7.005E+06    1.133E+09  N2           + hv           = N2P          + E            +              +             
  11    9.682E+08    0.000E+00    9.682E+08  N2I          + hv           = N2DI         + N            +              +             
  12    9.682E+08    0.000E+00    9.682E+08  N2I          + hv           = N2D          + NI           +              +             
  13    6.454E+08    0.000E+00    6.454E+08  CO2          + hv           = CO           + O1D          +              +             
   3    3.491E+08    3.405E+06    3.525E+08  N2           + hv           = N2P          + E            +              +             
   5    2.967E+08    7.737E+06    3.045E+08  N2           + hv           = NP           + N            + E            +             
   6    2.258E+08    6.826E+06    2.326E+08  N2           + hv           = NP           + N            + E            +             
   4    8.437E+07    1.820E+06    8.619E+07  N2           + hv           = NP           + N            + E            +             
   7    6.483E+07    1.820E+06    6.665E+07  N2           + hv           = NP           + N            + E            +             
  10    3.925E+07    0.000E+00    3.925E+07  N2           + hv           = N2D          + N            +              +             
   8    9.789E+04    3.551E+02    9.825E+04  CO           + hv           = COP          + E            +              +             
   9    1.306E+04    3.914E+02    1.346E+04  CO           + hv           = C            + OP           + E            +             
  19    1.758E-48    4.635E-50    1.804E-48  H2O          + hv           = OH           + H            +              +             
  20    2.538E-50    2.637E-54    2.538E-50  H2O          + hv           = O1D          + H2           +              +             
  21    2.260E-50    2.635E-54    2.261E-50  H2O          + hv           = O            + H            + H            +             
  14    0.000E+00    0.000E+00    0.000E+00  CO2          + hv           = CO           + O3P          +              +             
  15    0.000E+00    0.000E+00    0.000E+00  CO2          + hv           = C            + O2           +              +             
