  0.000E+00  0.000E+00  0.000E+00  0.000E+00  0.000E+00  6.905E+14
  1.000E+00  0.000E+00  0.000E+00  0.000E+00  0.000E+00  7.016E+14
  2.000E+00  0.000E+00  0.000E+00  0.000E+00  0.000E+00  7.119E+14
  3.000E+00  0.000E+00  0.000E+00  0.000E+00  0.000E+00  7.214E+14
  4.000E+00  0.000E+00  0.000E+00  0.000E+00  0.000E+00  7.304E+14
  5.000E+00  0.000E+00  0.000E+00  0.000E+00  0.000E+00  7.387E+14
  6.000E+00  0.000E+00  0.000E+00  0.000E+00  0.000E+00  7.464E+14
  7.000E+00  0.000E+00  0.000E+00  0.000E+00  0.000E+00  7.536E+14
  8.000E+00  0.000E+00  0.000E+00  0.000E+00  0.000E+00  7.603E+14
  9.000E+00  0.000E+00  0.000E+00  0.000E+00  0.000E+00  7.666E+14
  1.000E+01  0.000E+00  0.000E+00  0.000E+00  0.000E+00  7.724E+14
  1.100E+01  0.000E+00  0.000E+00  0.000E+00  0.000E+00  7.779E+14
  1.200E+01  0.000E+00  0.000E+00  0.000E+00  0.000E+00  7.829E+14
  1.300E+01  0.000E+00  0.000E+00  0.000E+00  0.000E+00  7.877E+14
  1.400E+01  0.000E+00  0.000E+00  0.000E+00  0.000E+00  7.921E+14
  1.500E+01  0.000E+00  0.000E+00  0.000E+00  0.000E+00  7.961E+14
  1.600E+01  0.000E+00  0.000E+00  0.000E+00  0.000E+00  7.999E+14
  1.700E+01  0.000E+00  0.000E+00  0.000E+00  0.000E+00  8.035E+14
  1.800E+01  0.000E+00  0.000E+00  0.000E+00  0.000E+00  8.068E+14
  1.900E+01  0.000E+00  0.000E+00  0.000E+00  0.000E+00  8.099E+14
  2.000E+01  0.000E+00  0.000E+00  0.000E+00  0.000E+00  8.127E+14
  2.100E+01  0.000E+00  0.000E+00  0.000E+00  0.000E+00  8.154E+14
  2.200E+01  0.000E+00  0.000E+00  0.000E+00  0.000E+00  8.179E+14
  2.300E+01  0.000E+00  0.000E+00  0.000E+00  0.000E+00  8.202E+14
  2.400E+01  0.000E+00  0.000E+00  0.000E+00  0.000E+00  8.224E+14
  2.500E+01  0.000E+00  0.000E+00  0.000E+00  0.000E+00  8.244E+14
  2.600E+01  0.000E+00  0.000E+00  0.000E+00  0.000E+00  8.263E+14
  2.700E+01  0.000E+00  0.000E+00  0.000E+00  0.000E+00  8.280E+14
  2.800E+01  0.000E+00  0.000E+00  0.000E+00  0.000E+00  8.297E+14
  2.900E+01  0.000E+00  0.000E+00  0.000E+00  0.000E+00  8.312E+14
  3.000E+01  0.000E+00  0.000E+00  8.379-275  0.000E+00  8.326E+14
  3.100E+01  0.000E+00  0.000E+00  1.714-245  0.000E+00  8.340E+14
  3.200E+01  0.000E+00  0.000E+00  4.566-219  0.000E+00  8.352E+14
  3.300E+01  0.000E+00  0.000E+00  2.902-195  0.000E+00  8.364E+14
  3.400E+01  0.000E+00  0.000E+00  7.496-174  0.000E+00  8.374E+14
  3.500E+01  0.000E+00  0.000E+00  1.393-154  0.000E+00  8.384E+14
  3.600E+01  0.000E+00  0.000E+00  3.051-137  0.000E+00  8.393E+14
  3.700E+01  0.000E+00  0.000E+00  1.132-121  0.000E+00  8.402E+14
  3.800E+01  0.000E+00  0.000E+00  1.037-107  0.000E+00  8.409E+14
  3.900E+01  0.000E+00  0.000E+00  3.378E-95  0.000E+00  8.417E+14
  4.000E+01  0.000E+00  0.000E+00  5.506E-84  0.000E+00  8.423E+14
  4.100E+01  0.000E+00  0.000E+00  5.952E-74  0.000E+00  8.430E+14
  4.200E+01  0.000E+00  0.000E+00  5.575E-65  0.000E+00  8.435E+14
  4.300E+01  0.000E+00  0.000E+00  5.954E-57  0.000E+00  8.441E+14
  4.400E+01  0.000E+00  0.000E+00  8.986E-50  1.046-275  8.446E+14
  4.500E+01  0.000E+00  0.000E+00  2.335E-43  4.229-243  8.450E+14
  4.600E+01  0.000E+00  0.000E+00  1.255E-37  4.818-214  8.454E+14
  4.700E+01  0.000E+00  0.000E+00  1.624E-32  3.396-188  8.458E+14
  4.800E+01  0.000E+00  0.000E+00  5.913E-28  3.318-165  8.462E+14
  4.900E+01  0.000E+00  0.000E+00  6.922E-24  9.039-145  8.465E+14
  5.000E+01  0.000E+00  0.000E+00  2.928E-20  1.265-126  8.468E+14
  5.100E+01  0.000E+00  0.000E+00  5.010E-17  1.644-110  8.471E+14
  5.200E+01  0.000E+00  0.000E+00  3.776E-14  3.118E-96  8.474E+14
  5.300E+01  0.000E+00  0.000E+00  1.361E-11  1.335E-83  8.477E+14
  5.400E+01  0.000E+00  0.000E+00  2.568E-09  2.061E-72  8.479E+14
  5.500E+01  0.000E+00  0.000E+00  2.732E-07  1.693E-62  8.481E+14
  5.600E+01  0.000E+00  0.000E+00  1.730E-05  9.862E-54  8.483E+14
  5.700E+01  0.000E+00  0.000E+00  6.871E-04  5.371E-46  8.486E+14
  5.800E+01  0.000E+00  0.000E+00  1.804E-02  3.583E-39  8.487E+14
  5.900E+01  1.681-277  0.000E+00  3.275E-01  3.706E-33  8.489E+14
  6.000E+01  2.354-243  0.000E+00  4.299E+00  7.460E-28  8.491E+14
  6.100E+01  3.212-213  0.000E+00  4.224E+01  3.502E-23  8.493E+14
  6.200E+01  1.188-186  0.000E+00  3.209E+02  4.513E-19  8.494E+14
  6.300E+01  3.122-163  0.000E+00  1.942E+03  1.862E-15  8.496E+14
  6.400E+01  1.307-142  0.000E+00  9.606E+03  2.794E-12  8.498E+14
  6.500E+01  1.813-124  0.000E+00  3.973E+04  1.715E-09  8.499E+14
  6.600E+01  1.598-108  0.000E+00  1.403E+05  4.773E-07  8.500E+14
  6.700E+01  1.638E-94  0.000E+00  4.311E+05  6.628E-05  8.502E+14
  6.800E+01  3.386E-82  0.000E+00  1.173E+06  5.009E-03  8.503E+14
  6.900E+01  2.248E-71  0.000E+00  2.865E+06  2.219E-01  8.504E+14
  7.000E+01  7.167E-62  0.000E+00  6.367E+06  6.140E+00  8.505E+14
  7.100E+01  1.559E-53  0.000E+00  1.301E+07  1.123E+02  8.506E+14
  7.200E+01  3.216E-46  0.000E+00  2.467E+07  1.430E+03  8.508E+14
  7.300E+01  8.404E-40  0.000E+00  4.382E+07  1.329E+04  8.509E+14
  7.400E+01  3.585E-34  0.000E+00  7.347E+07  9.389E+04  8.510E+14
  7.500E+01  3.092E-29  0.000E+00  1.170E+08  5.226E+05  8.511E+14
  7.600E+01  6.507E-25  0.000E+00  1.778E+08  2.362E+06  8.512E+14
  7.700E+01  3.982E-21  0.000E+00  2.593E+08  8.920E+06  8.513E+14
  7.800E+01  8.332E-18  1.424-296  3.649E+08  2.886E+07  8.514E+14
  7.900E+01  6.804E-15  3.325-258  4.972E+08  8.164E+07  8.515E+14
  8.000E+01  2.436E-12  1.076-224  6.585E+08  2.054E+08  8.515E+14
  8.100E+01  4.246E-10  2.039-195  8.503E+08  4.667E+08  8.516E+14
  8.200E+01  3.925E-08  7.399-170  1.074E+09  9.687E+08  8.517E+14
  8.300E+01  2.088E-06  1.564-147  1.328E+09  1.857E+09  8.518E+14
  8.400E+01  6.853E-05  5.028-128  1.614E+09  3.320E+09  8.519E+14
  8.500E+01  1.475E-03  5.558-111  1.930E+09  5.581E+09  8.519E+14
  8.600E+01  2.195E-02  4.383E-96  2.273E+09  8.884E+09  8.520E+14
  8.700E+01  2.366E-01  4.607E-83  2.641E+09  1.348E+10  8.521E+14
  8.800E+01  1.924E+00  1.115E-71  3.029E+09  1.962E+10  8.521E+14
  8.900E+01  1.223E+01  1.001E-61  3.433E+09  2.750E+10  8.522E+14
  9.000E+01  6.261E+01  5.033E-53  3.848E+09  3.731E+10  8.523E+14
  9.100E+01  2.586E+02  1.506E-45  4.261E+09  4.893E+10  8.523E+14
  9.200E+01  8.710E+02  3.181E-39  4.660E+09  6.204E+10  8.524E+14
  9.300E+01  2.488E+03  8.019E-34  5.044E+09  7.651E+10  8.524E+14
  9.400E+01  6.219E+03  3.584E-29  5.411E+09  9.220E+10  8.524E+14
  9.500E+01  1.391E+04  3.848E-25  5.762E+09  1.089E+11  8.525E+14
  9.600E+01  2.840E+04  1.259E-21  6.097E+09  1.266E+11  8.525E+14
  9.700E+01  5.368E+04  1.517E-18  6.415E+09  1.449E+11  8.525E+14
  9.800E+01  9.509E+04  7.823E-16  6.717E+09  1.637E+11  8.526E+14
  9.900E+01  1.594E+05  1.954E-13  7.003E+09  1.828E+11  8.526E+14
  1.000E+02  2.552E+05  2.616E-11  7.274E+09  2.021E+11  8.526E+14
  1.010E+02  3.924E+05  2.042E-09  7.530E+09  2.214E+11  8.526E+14
  1.020E+02  5.832E+05  9.966E-08  7.772E+09  2.404E+11  8.526E+14
  1.030E+02  8.414E+05  3.227E-06  8.001E+09  2.592E+11  8.527E+14
  1.040E+02  1.183E+06  7.292E-05  8.217E+09  2.776E+11  8.527E+14
  1.050E+02  1.627E+06  1.200E-03  8.420E+09  2.955E+11  8.527E+14
  1.060E+02  2.192E+06  1.492E-02  8.613E+09  3.127E+11  8.527E+14
  1.070E+02  2.901E+06  1.448E-01  8.794E+09  3.294E+11  8.527E+14
  1.080E+02  3.778E+06  1.127E+00  8.965E+09  3.453E+11  8.527E+14
  1.090E+02  4.845E+06  7.207E+00  9.126E+09  3.605E+11  8.527E+14
  1.100E+02  6.129E+06  3.869E+01  9.277E+09  3.749E+11  8.527E+14
  1.110E+02  7.651E+06  1.776E+02  9.420E+09  3.886E+11  8.527E+14
  1.120E+02  9.437E+06  7.085E+02  9.555E+09  4.015E+11  8.527E+14
  1.130E+02  1.151E+07  2.492E+03  9.682E+09  4.136E+11  8.528E+14
  1.140E+02  1.388E+07  7.830E+03  9.802E+09  4.251E+11  8.528E+14
  1.150E+02  1.658E+07  2.222E+04  9.914E+09  4.358E+11  8.528E+14
  1.160E+02  1.963E+07  5.754E+04  1.002E+10  4.458E+11  8.528E+14
  1.170E+02  2.305E+07  1.371E+05  1.012E+10  4.551E+11  8.528E+14
  1.180E+02  2.689E+07  3.032E+05  1.022E+10  4.638E+11  8.528E+14
  1.190E+02  3.120E+07  6.265E+05  1.030E+10  4.719E+11  8.528E+14
  1.200E+02  3.606E+07  1.217E+06  1.039E+10  4.794E+11  8.528E+14
  1.210E+02  4.156E+07  2.236E+06  1.047E+10  4.864E+11  8.528E+14
  1.220E+02  4.784E+07  3.904E+06  1.055E+10  4.929E+11  8.528E+14
  1.230E+02  5.506E+07  6.510E+06  1.062E+10  4.989E+11  8.528E+14
  1.240E+02  6.340E+07  1.041E+07  1.070E+10  5.044E+11  8.528E+14
  1.250E+02  7.311E+07  1.602E+07  1.077E+10  5.095E+11  8.528E+14
  1.260E+02  8.443E+07  2.382E+07  1.086E+10  5.142E+11  8.528E+14
  1.270E+02  9.765E+07  3.433E+07  1.095E+10  5.186E+11  8.528E+14
  1.280E+02  1.131E+08  4.811E+07  1.107E+10  5.226E+11  8.528E+14
  1.290E+02  1.310E+08  6.573E+07  1.123E+10  5.263E+11  8.528E+14
  1.300E+02  1.518E+08  8.777E+07  1.145E+10  5.297E+11  8.528E+14
  1.310E+02  1.758E+08  1.148E+08  1.175E+10  5.329E+11  8.528E+14
  1.320E+02  2.034E+08  1.475E+08  1.217E+10  5.358E+11  8.528E+14
  1.330E+02  2.350E+08  1.863E+08  1.276E+10  5.384E+11  8.528E+14
  1.340E+02  2.710E+08  2.318E+08  1.356E+10  5.408E+11  8.528E+14
  1.350E+02  3.119E+08  2.845E+08  1.463E+10  5.431E+11  8.528E+14
  1.360E+02  3.582E+08  3.450E+08  1.602E+10  5.452E+11  8.528E+14
  1.370E+02  4.104E+08  4.136E+08  1.778E+10  5.470E+11  8.528E+14
  1.380E+02  4.693E+08  4.908E+08  1.995E+10  5.488E+11  8.528E+14
  1.390E+02  5.355E+08  5.770E+08  2.259E+10  5.504E+11  8.528E+14
  1.400E+02  6.096E+08  6.724E+08  2.570E+10  5.519E+11  8.528E+14
  1.410E+02  6.926E+08  7.774E+08  2.931E+10  5.532E+11  8.528E+14
  1.420E+02  7.850E+08  8.920E+08  3.341E+10  5.544E+11  8.528E+14
  1.430E+02  8.878E+08  1.017E+09  3.799E+10  5.556E+11  8.528E+14
  1.440E+02  1.002E+09  1.151E+09  4.301E+10  5.566E+11  8.528E+14
  1.450E+02  1.127E+09  1.295E+09  4.844E+10  5.576E+11  8.528E+14
  1.460E+02  1.265E+09  1.449E+09  5.424E+10  5.585E+11  8.528E+14
  1.470E+02  1.416E+09  1.612E+09  6.033E+10  5.593E+11  8.528E+14
  1.480E+02  1.580E+09  1.784E+09  6.667E+10  5.600E+11  8.528E+14
  1.490E+02  1.758E+09  1.964E+09  7.320E+10  5.607E+11  8.528E+14
  1.500E+02  1.949E+09  2.152E+09  7.984E+10  5.613E+11  8.528E+14
  1.510E+02  2.154E+09  2.346E+09  8.655E+10  5.619E+11  8.528E+14
  1.520E+02  2.372E+09  2.546E+09  9.326E+10  5.624E+11  8.528E+14
  1.530E+02  2.603E+09  2.749E+09  9.993E+10  5.629E+11  8.528E+14
  1.540E+02  2.846E+09  2.956E+09  1.065E+11  5.633E+11  8.528E+14
  1.550E+02  3.100E+09  3.165E+09  1.130E+11  5.638E+11  8.528E+14
  1.560E+02  3.365E+09  3.375E+09  1.192E+11  5.641E+11  8.528E+14
  1.570E+02  3.639E+09  3.584E+09  1.253E+11  5.645E+11  8.528E+14
  1.580E+02  3.922E+09  3.792E+09  1.312E+11  5.648E+11  8.528E+14
  1.590E+02  4.211E+09  3.997E+09  1.368E+11  5.651E+11  8.528E+14
  1.600E+02  4.507E+09  4.198E+09  1.422E+11  5.653E+11  8.528E+14
  1.610E+02  4.807E+09  4.394E+09  1.473E+11  5.656E+11  8.528E+14
  1.620E+02  5.110E+09  4.586E+09  1.522E+11  5.658E+11  8.528E+14
  1.630E+02  5.416E+09  4.772E+09  1.568E+11  5.660E+11  8.528E+14
  1.640E+02  5.722E+09  4.951E+09  1.611E+11  5.662E+11  8.528E+14
  1.650E+02  6.028E+09  5.124E+09  1.652E+11  5.664E+11  8.528E+14
  1.660E+02  6.332E+09  5.289E+09  1.691E+11  5.665E+11  8.528E+14
  1.670E+02  6.634E+09  5.448E+09  1.727E+11  5.667E+11  8.528E+14
  1.680E+02  6.932E+09  5.599E+09  1.760E+11  5.668E+11  8.528E+14
  1.690E+02  7.227E+09  5.743E+09  1.791E+11  5.669E+11  8.528E+14
  1.700E+02  7.516E+09  5.880E+09  1.821E+11  5.671E+11  8.528E+14
  1.710E+02  7.799E+09  6.009E+09  1.848E+11  5.672E+11  8.528E+14
  1.720E+02  8.075E+09  6.132E+09  1.873E+11  5.673E+11  8.528E+14
  1.730E+02  8.345E+09  6.248E+09  1.896E+11  5.674E+11  8.528E+14
  1.740E+02  8.608E+09  6.358E+09  1.918E+11  5.674E+11  8.528E+14
  1.750E+02  8.862E+09  6.461E+09  1.938E+11  5.675E+11  8.528E+14
  1.760E+02  9.109E+09  6.558E+09  1.957E+11  5.676E+11  8.528E+14
  1.770E+02  9.348E+09  6.649E+09  1.974E+11  5.676E+11  8.528E+14
  1.780E+02  9.578E+09  6.735E+09  1.990E+11  5.677E+11  8.528E+14
  1.790E+02  9.800E+09  6.816E+09  2.004E+11  5.678E+11  8.528E+14
  1.800E+02  1.001E+10  6.892E+09  2.018E+11  5.678E+11  8.528E+14
  1.810E+02  1.022E+10  6.964E+09  2.030E+11  5.679E+11  8.528E+14
  1.820E+02  1.041E+10  7.031E+09  2.042E+11  5.679E+11  8.528E+14
  1.830E+02  1.060E+10  7.094E+09  2.052E+11  5.679E+11  8.528E+14
  1.840E+02  1.078E+10  7.153E+09  2.062E+11  5.680E+11  8.528E+14
  1.850E+02  1.096E+10  7.208E+09  2.071E+11  5.680E+11  8.528E+14
  1.860E+02  1.112E+10  7.261E+09  2.079E+11  5.680E+11  8.528E+14
  1.870E+02  1.128E+10  7.310E+09  2.087E+11  5.681E+11  8.528E+14
  1.880E+02  1.143E+10  7.356E+09  2.094E+11  5.681E+11  8.528E+14
  1.890E+02  1.157E+10  7.399E+09  2.100E+11  5.681E+11  8.528E+14
  1.900E+02  1.171E+10  7.440E+09  2.106E+11  5.681E+11  8.528E+14
  1.910E+02  1.184E+10  7.478E+09  2.111E+11  5.682E+11  8.528E+14
  1.920E+02  1.196E+10  7.514E+09  2.116E+11  5.682E+11  8.528E+14
  1.930E+02  1.208E+10  7.548E+09  2.121E+11  5.682E+11  8.528E+14
  1.940E+02  1.219E+10  7.580E+09  2.125E+11  5.682E+11  8.528E+14
  1.950E+02  1.229E+10  7.611E+09  2.129E+11  5.682E+11  8.528E+14
  1.960E+02  1.239E+10  7.639E+09  2.132E+11  5.682E+11  8.528E+14
  1.970E+02  1.249E+10  7.666E+09  2.135E+11  5.682E+11  8.528E+14
  1.980E+02  1.258E+10  7.692E+09  2.138E+11  5.683E+11  8.528E+14
  1.990E+02  1.266E+10  7.716E+09  2.141E+11  5.683E+11  8.528E+14
  2.000E+02  1.274E+10  7.739E+09  2.143E+11  5.683E+11  8.528E+14
  2.010E+02  1.282E+10  7.760E+09  2.146E+11  5.683E+11  8.528E+14
  2.020E+02  1.289E+10  7.780E+09  2.148E+11  5.683E+11  8.528E+14
  2.030E+02  1.296E+10  7.800E+09  2.150E+11  5.683E+11  8.528E+14
  2.040E+02  1.302E+10  7.818E+09  2.151E+11  5.683E+11  8.528E+14
  2.050E+02  1.309E+10  7.835E+09  2.153E+11  5.683E+11  8.528E+14
  2.060E+02  1.314E+10  7.852E+09  2.154E+11  5.683E+11  8.528E+14
  2.070E+02  1.320E+10  7.867E+09  2.156E+11  5.683E+11  8.528E+14
  2.080E+02  1.325E+10  7.882E+09  2.157E+11  5.683E+11  8.528E+14
  2.090E+02  1.330E+10  7.896E+09  2.158E+11  5.683E+11  8.528E+14
  2.100E+02  1.335E+10  7.909E+09  2.159E+11  5.683E+11  8.528E+14
  2.110E+02  1.339E+10  7.922E+09  2.160E+11  5.683E+11  8.528E+14
  2.120E+02  1.343E+10  7.934E+09  2.161E+11  5.683E+11  8.528E+14
  2.130E+02  1.347E+10  7.945E+09  2.162E+11  5.684E+11  8.528E+14
  2.140E+02  1.351E+10  7.956E+09  2.163E+11  5.684E+11  8.528E+14
  2.150E+02  1.355E+10  7.966E+09  2.163E+11  5.684E+11  8.528E+14
  2.160E+02  1.358E+10  7.976E+09  2.164E+11  5.684E+11  8.528E+14
  2.170E+02  1.361E+10  7.986E+09  2.165E+11  5.684E+11  8.528E+14
  2.180E+02  1.364E+10  7.994E+09  2.165E+11  5.684E+11  8.528E+14
  2.190E+02  1.367E+10  8.003E+09  2.166E+11  5.684E+11  8.528E+14
  2.200E+02  1.370E+10  8.011E+09  2.166E+11  5.684E+11  8.528E+14
  2.210E+02  1.372E+10  8.018E+09  2.166E+11  5.684E+11  8.528E+14
  2.220E+02  1.375E+10  8.026E+09  2.167E+11  5.684E+11  8.528E+14
  2.230E+02  1.377E+10  8.033E+09  2.167E+11  5.684E+11  8.528E+14
  2.240E+02  1.379E+10  8.039E+09  2.167E+11  5.684E+11  8.528E+14
  2.250E+02  1.381E+10  8.045E+09  2.168E+11  5.684E+11  8.528E+14
  2.260E+02  1.383E+10  8.051E+09  2.168E+11  5.684E+11  8.528E+14
  2.270E+02  1.385E+10  8.057E+09  2.168E+11  5.684E+11  8.528E+14
  2.280E+02  1.387E+10  8.062E+09  2.168E+11  5.684E+11  8.528E+14
  2.290E+02  1.388E+10  8.068E+09  2.169E+11  5.684E+11  8.528E+14
  2.300E+02  1.390E+10  8.072E+09  2.169E+11  5.684E+11  8.528E+14
  2.310E+02  1.391E+10  8.077E+09  2.169E+11  5.684E+11  8.528E+14
  2.320E+02  1.393E+10  8.082E+09  2.169E+11  5.684E+11  8.528E+14
  2.330E+02  1.394E+10  8.086E+09  2.169E+11  5.684E+11  8.528E+14
  2.340E+02  1.395E+10  8.090E+09  2.169E+11  5.684E+11  8.528E+14
  2.350E+02  1.396E+10  8.094E+09  2.169E+11  5.684E+11  8.528E+14
  2.360E+02  1.398E+10  8.097E+09  2.170E+11  5.684E+11  8.528E+14
  2.370E+02  1.399E+10  8.101E+09  2.170E+11  5.684E+11  8.528E+14
  2.380E+02  1.400E+10  8.104E+09  2.170E+11  5.684E+11  8.528E+14
  2.390E+02  1.401E+10  8.107E+09  2.170E+11  5.684E+11  8.528E+14
  2.400E+02  1.402E+10  8.110E+09  2.170E+11  5.684E+11  8.528E+14
  2.410E+02  1.402E+10  8.113E+09  2.170E+11  5.684E+11  8.528E+14
  2.420E+02  1.403E+10  8.116E+09  2.170E+11  5.684E+11  8.528E+14
  2.430E+02  1.404E+10  8.118E+09  2.170E+11  5.684E+11  8.528E+14
  2.440E+02  1.405E+10  8.121E+09  2.170E+11  5.684E+11  8.528E+14
  2.450E+02  1.406E+10  8.123E+09  2.170E+11  5.684E+11  8.528E+14
  2.460E+02  1.406E+10  8.125E+09  2.170E+11  5.684E+11  8.528E+14
  2.470E+02  1.407E+10  8.127E+09  2.170E+11  5.684E+11  8.528E+14
  2.480E+02  1.407E+10  8.129E+09  2.170E+11  5.684E+11  8.528E+14
  2.490E+02  1.408E+10  8.131E+09  2.170E+11  5.684E+11  8.528E+14
  2.500E+02  1.409E+10  8.133E+09  2.170E+11  5.684E+11  8.528E+14
